Oct 15, 2018 2:03:22 PM client.ClientCheck inputValue
INFO: Id entered is :COMPA1111
Oct 15, 2018 2:03:22 PM client.ClientCheck checkserver
INFO: Server is :COMP
Oct 15, 2018 2:03:22 PM client.ClientCheck checkClient
INFO: Checking if the advisor id is valid...
Oct 15, 2018 2:03:22 PM client.ClientCheck checkClient
INFO: valid advisor
Oct 15, 2018 2:03:26 PM client.ClientCheck rmiAdvisor
INFO: 1. for adding course
Oct 15, 2018 2:03:45 PM client.ClientCheck rmiAdvisor
INFO: Please enter the course that belongs to the department of advisor COMPA1111
Oct 15, 2018 2:03:45 PM client.ClientCheck rmiAdvisor
INFO: Do you wish to perform anymore operations for this user? YES OR NO
Oct 15, 2018 2:03:50 PM client.ClientCheck rmiAdvisor
INFO: YES
Oct 15, 2018 2:03:52 PM client.ClientCheck rmiAdvisor
INFO: 3. for listing course availability
Oct 15, 2018 2:03:56 PM client.ClientCheck rmiAdvisor
INFO: Courses available: Data for semester WINTER is COMPSERVER{COMP6211=10, COMP6123=10, COMP6311=10, COMP6124=10, COMP6411=10, COMP6621=10} SOENSERVER {SOEN6211=10, SOEN6123=10, SOEN6311=10, SOEN6124=10, SOEN6411=10, SOEN6621=10}INSESERVER {INSE6211=10, INSE6123=10, SOEN6621=10, INSE6411=10, INSE6311=10, INSE6124=10}
Oct 15, 2018 2:03:56 PM client.ClientCheck rmiAdvisor
INFO: Do you wish to perform anymore operations for this user? YES OR NO
