Oct 15, 2018 2:37:49 PM client.ClientCheck inputValue
INFO: Id entered is :INSEA1111
Oct 15, 2018 2:37:49 PM client.ClientCheck checkserver
INFO: Server is :INSE
Oct 15, 2018 2:37:49 PM client.ClientCheck checkClient
INFO: Checking if the advisor id is valid...
Oct 15, 2018 2:37:49 PM client.ClientCheck checkClient
INFO: valid advisor
Oct 15, 2018 2:37:50 PM client.ClientCheck rmiAdvisor
INFO: 1. for adding course
Oct 15, 2018 2:38:02 PM client.ClientCheck rmiAdvisor
INFO: Output for advisor add result true
Oct 15, 2018 2:38:02 PM client.ClientCheck rmiAdvisor
INFO: Do you wish to perform anymore operations for this user? YES OR NO
Oct 15, 2018 2:38:05 PM client.ClientCheck rmiAdvisor
INFO: YES
Oct 15, 2018 2:38:08 PM client.ClientCheck rmiAdvisor
INFO: 3. for listing course availability
Oct 15, 2018 2:38:11 PM client.ClientCheck rmiAdvisor
INFO: Courses available: Data for semester WINTER is COMPSERVER{COMP6211=10, COMP6123=10, COMP6311=10, COMP6124=10, COMP6411=10, COMP6621=10} SOENSERVER {SOEN6211=10, SOEN6123=10, SOEN6311=10, SOEN6124=10, SOEN6411=10, SOEN6621=10} INSESERVER {INSE6211=10, INSE6123=10, INSE6320=10, SOEN6621=10, INSE6411=10, INSE6311=10, INSE6124=10}
Oct 15, 2018 2:38:11 PM client.ClientCheck rmiAdvisor
INFO: Do you wish to perform anymore operations for this user? YES OR NO
Oct 19, 2018 5:04:15 PM client.ClientCheck rmiAdvisor
INFO: Exception in rmiadvisor: java.util.NoSuchElementException
Oct 19, 2018 5:04:16 PM client.ClientCheck rmiAdvisor
INFO: Exception in rmiadvisor: java.util.NoSuchElementException: No line found
Oct 19, 2018 5:04:16 PM client.ClientCheck checkserver
INFO: Exception while checking client server: java.util.NoSuchElementException: No line found
