Oct 15, 2018 2:38:27 PM client.ClientCheck inputValue
INFO: Id entered is :SOENS1111
Oct 15, 2018 2:38:27 PM client.ClientCheck checkserver
INFO: Server is :SOEN
Oct 15, 2018 2:38:27 PM client.ClientCheck checkClient
INFO: Checking if the student id is valid..
Oct 15, 2018 2:38:27 PM client.ClientCheck checkClient
INFO: valid student
Oct 15, 2018 2:38:29 PM client.ClientCheck rmiStudent
INFO: 1. for enrolling in the course
Oct 15, 2018 2:38:39 PM client.ClientCheck rmiStudent
INFO: Enrol Course Result: success
Oct 15, 2018 2:38:39 PM client.ClientCheck rmiStudent
INFO: Do you wish to perform anymore operations for this user? YES OR NO
Oct 15, 2018 2:38:43 PM client.ClientCheck rmiStudent
INFO: YES
Oct 15, 2018 2:38:50 PM client.ClientCheck rmiStudent
INFO: 1. for enrolling in the course
Oct 15, 2018 2:39:22 PM client.ClientCheck rmiStudent
INFO: Enrol Course Result: success
Oct 15, 2018 2:39:22 PM client.ClientCheck rmiStudent
INFO: Do you wish to perform anymore operations for this user? YES OR NO
Oct 15, 2018 2:39:30 PM client.ClientCheck rmiStudent
INFO: YES
Oct 15, 2018 2:39:33 PM client.ClientCheck rmiStudent
INFO: 1. for enrolling in the course
Oct 15, 2018 2:39:42 PM client.ClientCheck rmiStudent
INFO: Enrol Course Result: fail
Oct 15, 2018 2:39:42 PM client.ClientCheck rmiStudent
INFO: Do you wish to perform anymore operations for this user? YES OR NO
Oct 15, 2018 2:39:50 PM client.ClientCheck rmiStudent
INFO: YES
Oct 15, 2018 2:39:52 PM client.ClientCheck rmiStudent
INFO: 3. for getting the course schedule
Oct 15, 2018 2:39:52 PM client.ClientCheck rmiStudent
INFO: Students Class Schedule: Fall scheduled classes:nullWinter scheduled classes:[INSE6320, COMP6311]Summer scheduled classes:null
Oct 15, 2018 2:39:52 PM client.ClientCheck rmiStudent
INFO: Do you wish to perform anymore operations for this user? YES OR NO
Oct 15, 2018 2:40:06 PM client.ClientCheck rmiStudent
INFO: YES
Oct 15, 2018 2:40:10 PM client.ClientCheck rmiStudent
INFO: 1. for enrolling in the course
Oct 15, 2018 2:40:34 PM client.ClientCheck rmiStudent
INFO: Enrol Course Result: fail
Oct 15, 2018 2:40:34 PM client.ClientCheck rmiStudent
INFO: Do you wish to perform anymore operations for this user? YES OR NO
Oct 19, 2018 5:04:15 PM client.ClientCheck rmiStudent
INFO: Exception in rmistudent :java.util.NoSuchElementException
Oct 19, 2018 5:04:17 PM client.ClientCheck rmiStudent
INFO: Exception in rmistudent :java.util.NoSuchElementException: No line found
Oct 19, 2018 5:04:17 PM client.ClientCheck rmiStudent
INFO: Exception in rmistudent :java.util.NoSuchElementException: No line found
Oct 19, 2018 5:04:17 PM client.ClientCheck rmiStudent
INFO: Exception in rmistudent :java.util.NoSuchElementException: No line found
Oct 19, 2018 5:04:17 PM client.ClientCheck rmiStudent
INFO: Exception in rmistudent :java.util.NoSuchElementException: No line found
Oct 19, 2018 5:04:17 PM client.ClientCheck checkserver
INFO: Exception while checking client server: java.util.NoSuchElementException: No line found
